/home/vagrant/projects/auto_push_loop.sh: 1: le: not found
/home/vagrant/projects/auto_push_loop.sh: 2: Syntax error: "do" unexpected
[main cf9a41e] Auto commit Sat Mar 22 03:36:08 UTC 2025
 3 files changed, 176 insertions(+)
 create mode 100755 auto_push_loop.sh
 create mode 100644 nohup.out
To github.com:NullLabTests/Seed_AI_RSI.git
   d648f19..cf9a41e  main -> main
[main 2ee2fdf] Auto commit Sat Mar 22 03:36:39 UTC 2025
 2 files changed, 21 insertions(+)
To github.com:NullLabTests/Seed_AI_RSI.git
   cf9a41e..2ee2fdf  main -> main
[main 871acc7] Auto commit Sat Mar 22 03:37:11 UTC 2025
 2 files changed, 34 insertions(+)
To github.com:NullLabTests/Seed_AI_RSI.git
   2ee2fdf..871acc7  main -> main
[main 27129a6] Auto commit Sat Mar 22 03:37:43 UTC 2025
 2 files changed, 34 insertions(+)
To github.com:NullLabTests/Seed_AI_RSI.git
   871acc7..27129a6  main -> main
[main 7c9e64e] Auto commit Sat Mar 22 03:38:14 UTC 2025
 2 files changed, 34 insertions(+)
To github.com:NullLabTests/Seed_AI_RSI.git
   27129a6..7c9e64e  main -> main
[main 654f1a9] Auto commit Sat Mar 22 03:38:46 UTC 2025
 2 files changed, 19 insertions(+)
To github.com:NullLabTests/Seed_AI_RSI.git
   7c9e64e..654f1a9  main -> main
[main 928d6c0] Auto commit Sat Mar 22 03:39:18 UTC 2025
 2 files changed, 34 insertions(+)
To github.com:NullLabTests/Seed_AI_RSI.git
   654f1a9..928d6c0  main -> main
[main c6e52e1] Auto commit Sat Mar 22 03:39:50 UTC 2025
 2 files changed, 34 insertions(+)
To github.com:NullLabTests/Seed_AI_RSI.git
   928d6c0..c6e52e1  main -> main
